Arguments: 
  C:\Program Files\nodejs\node.exe C:\Users\SENAI\AppData\Roaming\npm\node_modules\yarn\bin\yarn.js add react-switch

PATH: 
  C:\Windows\system32;C:\Windows;C:\Windows\System32\Wbem;C:\Windows\System32\WindowsPowerShell\v1.0\;C:\Windows\System32\OpenSSH\;C:\Program Files\nodejs\;C:\Users\SENAI\AppData\Local\Microsoft\WindowsApps;;C:\Users\SENAI\AppData\Local\Programs\Microsoft VS Code\bin;C:\Users\SENAI\AppData\Roaming\npm

Yarn version: 
  1.22.19

Node version: 
  16.18.0

Platform: 
  win32 x64

Trace: 
  Error: EPERM: operation not permitted, copyfile 'C:\Users\SENAI\AppData\Local\Yarn\Cache\v6\npm-@emotion-memoize-0.8.0-f580f9beb67176fa57aae70b08ed510e1b18980f-integrity\node_modules\@emotion\memoize\package.json' -> 'C:\Users\SENAI\Desktop\Larissa Gomes\darkmode\node_modules\@emotion\memoize\package.json'

npm manifest: 
  {
    "name": "tcc_app",
    "version": "0.1.0",
    "private": true,
    "dependencies": {
      "@fortawesome/fontawesome-svg-core": "^6.2.0",
      "@fortawesome/free-solid-svg-icons": "^6.2.0",
      "@fortawesome/react-fontawesome": "^0.2.0",
      "@reduxjs/toolkit": "^1.8.5",
      "@testing-library/jest-dom": "^5.16.5",
      "@testing-library/react": "^13.4.0",
      "@testing-library/user-event": "^13.5.0",
      "axios": "^0.27.2",
      "react": "^18.2.0",
      "react-dom": "^18.2.0",
      "react-icons": "^4.4.0",
      "react-modal": "^3.15.1",
      "react-redux": "^8.0.4",
      "react-router-dom": "^6.4.1",
      "react-scripts": "5.0.1",
      "react-select": "^5.4.0",
      "redux": "^4.2.0",
      "use-local-storage": "^2.3.6",
      "web-vitals": "^2.1.4"
    },
    "scripts": {
      "start": "react-scripts start",
      "build": "react-scripts build",
      "test": "react-scripts test",
      "eject": "react-scripts eject"
    },
    "eslintConfig": {
      "extends": [
        "react-app",
        "react-app/jest"
      ]
    },
    "browserslist": {
      "production": [
        ">0.2%",
        "not dead",
        "not op_mini all"
      ],
      "development": [
        "last 1 chrome version",
        "last 1 firefox version",
        "last 1 safari version"
      ]
    }
  }

yarn manifest: 
  No manifest

Lockfile: 
  No lockfile
